2022/04/17 04:53:02 [notice] 1#1: using the "epoll" event method
2022/04/17 04:53:02 [notice] 1#1: nginx/1.21.6
2022/04/17 04:53:02 [notice] 1#1: built by gcc 10.2.1 20210110 (Debian 10.2.1-6) 
2022/04/17 04:53:02 [notice] 1#1: OS: Linux 5.17.1-3-MANJARO
2022/04/17 04:53:02 [notice] 1#1: getrlimit(RLIMIT_NOFILE): 1048576:1048576
2022/04/17 04:53:02 [notice] 1#1: start worker processes
2022/04/17 04:53:02 [notice] 1#1: start worker process 31
2022/04/17 04:53:02 [notice] 1#1: start worker process 32
2022/04/17 04:53:02 [notice] 1#1: start worker process 33
2022/04/17 04:53:02 [notice] 1#1: start worker process 34
2022/04/17 04:53:02 [notice] 1#1: start worker process 35
2022/04/17 04:53:02 [notice] 1#1: start worker process 36
2022/04/17 04:53:02 [notice] 1#1: start worker process 37
2022/04/17 04:53:02 [notice] 1#1: start worker process 38
2022/04/17 04:53:02 [notice] 1#1: start worker process 39
2022/04/17 04:53:02 [notice] 1#1: start worker process 40
2022/04/17 04:53:02 [notice] 1#1: start worker process 41
2022/04/17 04:53:02 [notice] 1#1: start worker process 42
2022/04/17 04:53:06 [error] 31#31: *1 open() "/usr/share/nginx/html/index.html" failed (2: No such file or directory), client: 192.168.0.108, server: localhost, request: "GET /index.html HTTP/1.1", host: "192.168.0.108:1234"
2022/04/17 04:54:13 [notice] 1#1: signal 3 (SIGQUIT) received, shutting down
2022/04/17 04:54:13 [notice] 31#31: gracefully shutting down
2022/04/17 04:54:13 [notice] 35#35: gracefully shutting down
2022/04/17 04:54:13 [notice] 37#37: gracefully shutting down
2022/04/17 04:54:13 [notice] 31#31: exiting
2022/04/17 04:54:13 [notice] 38#38: gracefully shutting down
2022/04/17 04:54:13 [notice] 32#32: gracefully shutting down
2022/04/17 04:54:13 [notice] 35#35: exiting
2022/04/17 04:54:13 [notice] 37#37: exiting
2022/04/17 04:54:13 [notice] 34#34: gracefully shutting down
2022/04/17 04:54:13 [notice] 39#39: gracefully shutting down
2022/04/17 04:54:13 [notice] 36#36: gracefully shutting down
2022/04/17 04:54:13 [notice] 41#41: gracefully shutting down
2022/04/17 04:54:13 [notice] 33#33: gracefully shutting down
2022/04/17 04:54:13 [notice] 38#38: exiting
2022/04/17 04:54:13 [notice] 42#42: gracefully shutting down
2022/04/17 04:54:13 [notice] 32#32: exiting
2022/04/17 04:54:13 [notice] 31#31: exit
2022/04/17 04:54:13 [notice] 34#34: exiting
2022/04/17 04:54:13 [notice] 35#35: exit
2022/04/17 04:54:13 [notice] 39#39: exiting
2022/04/17 04:54:13 [notice] 37#37: exit
2022/04/17 04:54:13 [notice] 36#36: exiting
2022/04/17 04:54:13 [notice] 41#41: exiting
2022/04/17 04:54:13 [notice] 33#33: exiting
2022/04/17 04:54:13 [notice] 42#42: exiting
2022/04/17 04:54:13 [notice] 38#38: exit
2022/04/17 04:54:13 [notice] 32#32: exit
2022/04/17 04:54:13 [notice] 34#34: exit
2022/04/17 04:54:13 [notice] 39#39: exit
2022/04/17 04:54:13 [notice] 33#33: exit
2022/04/17 04:54:13 [notice] 36#36: exit
2022/04/17 04:54:13 [notice] 41#41: exit
2022/04/17 04:54:13 [notice] 42#42: exit
2022/04/17 04:54:13 [notice] 40#40: gracefully shutting down
2022/04/17 04:54:13 [notice] 40#40: exiting
2022/04/17 04:54:13 [notice] 40#40: exit
2022/04/17 04:54:14 [notice] 1#1: signal 17 (SIGCHLD) received from 39
2022/04/17 04:54:14 [notice] 1#1: worker process 39 exited with code 0
2022/04/17 04:54:14 [notice] 1#1: signal 29 (SIGIO) received
2022/04/17 04:54:14 [notice] 1#1: signal 17 (SIGCHLD) received from 38
2022/04/17 04:54:14 [notice] 1#1: worker process 38 exited with code 0
2022/04/17 04:54:14 [notice] 1#1: signal 29 (SIGIO) received
2022/04/17 04:54:14 [notice] 1#1: signal 17 (SIGCHLD) received from 31
2022/04/17 04:54:14 [notice] 1#1: worker process 31 exited with code 0
2022/04/17 04:54:14 [notice] 1#1: worker process 41 exited with code 0
2022/04/17 04:54:14 [notice] 1#1: signal 29 (SIGIO) received
2022/04/17 04:54:14 [notice] 1#1: signal 17 (SIGCHLD) received from 41
2022/04/17 04:54:14 [notice] 1#1: signal 17 (SIGCHLD) received from 36
2022/04/17 04:54:14 [notice] 1#1: worker process 36 exited with code 0
2022/04/17 04:54:14 [notice] 1#1: worker process 42 exited with code 0
2022/04/17 04:54:14 [notice] 1#1: signal 29 (SIGIO) received
2022/04/17 04:54:14 [notice] 1#1: signal 17 (SIGCHLD) received from 42
2022/04/17 04:54:14 [notice] 1#1: signal 17 (SIGCHLD) received from 32
2022/04/17 04:54:14 [notice] 1#1: worker process 32 exited with code 0
2022/04/17 04:54:14 [notice] 1#1: worker process 33 exited with code 0
2022/04/17 04:54:14 [notice] 1#1: signal 29 (SIGIO) received
2022/04/17 04:54:14 [notice] 1#1: signal 17 (SIGCHLD) received from 35
2022/04/17 04:54:14 [notice] 1#1: worker process 35 exited with code 0
2022/04/17 04:54:14 [notice] 1#1: worker process 40 exited with code 0
2022/04/17 04:54:14 [notice] 1#1: signal 29 (SIGIO) received
2022/04/17 04:54:14 [notice] 1#1: signal 17 (SIGCHLD) received from 40
2022/04/17 04:54:14 [notice] 1#1: signal 17 (SIGCHLD) received from 34
2022/04/17 04:54:14 [notice] 1#1: worker process 34 exited with code 0
2022/04/17 04:54:14 [notice] 1#1: signal 29 (SIGIO) received
2022/04/17 04:54:14 [notice] 1#1: signal 17 (SIGCHLD) received from 37
2022/04/17 04:54:14 [notice] 1#1: worker process 37 exited with code 0
2022/04/17 04:54:14 [notice] 1#1: exit
2022/04/17 04:54:16 [notice] 1#1: using the "epoll" event method
2022/04/17 04:54:16 [notice] 1#1: nginx/1.21.6
2022/04/17 04:54:16 [notice] 1#1: built by gcc 10.2.1 20210110 (Debian 10.2.1-6) 
2022/04/17 04:54:16 [notice] 1#1: OS: Linux 5.17.1-3-MANJARO
2022/04/17 04:54:16 [notice] 1#1: getrlimit(RLIMIT_NOFILE): 1048576:1048576
2022/04/17 04:54:16 [notice] 1#1: start worker processes
2022/04/17 04:54:16 [notice] 1#1: start worker process 31
2022/04/17 04:54:16 [notice] 1#1: start worker process 32
2022/04/17 04:54:16 [notice] 1#1: start worker process 33
2022/04/17 04:54:16 [notice] 1#1: start worker process 34
2022/04/17 04:54:16 [notice] 1#1: start worker process 35
2022/04/17 04:54:16 [notice] 1#1: start worker process 36
2022/04/17 04:54:16 [notice] 1#1: start worker process 37
2022/04/17 04:54:16 [notice] 1#1: start worker process 38
2022/04/17 04:54:16 [notice] 1#1: start worker process 39
2022/04/17 04:54:16 [notice] 1#1: start worker process 40
2022/04/17 04:54:16 [notice] 1#1: start worker process 41
2022/04/17 04:54:16 [notice] 1#1: start worker process 42
2022/04/17 05:00:25 [notice] 1#1: signal 3 (SIGQUIT) received, shutting down
2022/04/17 05:00:25 [notice] 31#31: gracefully shutting down
2022/04/17 05:00:25 [notice] 32#32: gracefully shutting down
2022/04/17 05:00:25 [notice] 33#33: gracefully shutting down
2022/04/17 05:00:25 [notice] 34#34: gracefully shutting down
2022/04/17 05:00:25 [notice] 36#36: gracefully shutting down
2022/04/17 05:00:25 [notice] 35#35: gracefully shutting down
2022/04/17 05:00:25 [notice] 31#31: exiting
2022/04/17 05:00:25 [notice] 37#37: gracefully shutting down
2022/04/17 05:00:25 [notice] 32#32: exiting
2022/04/17 05:00:25 [notice] 33#33: exiting
2022/04/17 05:00:25 [notice] 34#34: exiting
2022/04/17 05:00:25 [notice] 42#42: gracefully shutting down
2022/04/17 05:00:25 [notice] 36#36: exiting
2022/04/17 05:00:25 [notice] 35#35: exiting
2022/04/17 05:00:25 [notice] 37#37: exiting
2022/04/17 05:00:25 [notice] 31#31: exit
2022/04/17 05:00:25 [notice] 42#42: exiting
2022/04/17 05:00:25 [notice] 38#38: gracefully shutting down
2022/04/17 05:00:25 [notice] 32#32: exit
2022/04/17 05:00:25 [notice] 33#33: exit
2022/04/17 05:00:25 [notice] 34#34: exit
2022/04/17 05:00:25 [notice] 36#36: exit
2022/04/17 05:00:25 [notice] 38#38: exiting
2022/04/17 05:00:25 [notice] 35#35: exit
2022/04/17 05:00:25 [notice] 37#37: exit
2022/04/17 05:00:25 [notice] 42#42: exit
2022/04/17 05:00:25 [notice] 38#38: exit
2022/04/17 05:00:25 [notice] 40#40: gracefully shutting down
2022/04/17 05:00:25 [notice] 39#39: gracefully shutting down
2022/04/17 05:00:25 [notice] 40#40: exiting
2022/04/17 05:00:25 [notice] 39#39: exiting
2022/04/17 05:00:25 [notice] 41#41: gracefully shutting down
2022/04/17 05:00:25 [notice] 40#40: exit
2022/04/17 05:00:25 [notice] 41#41: exiting
2022/04/17 05:00:25 [notice] 39#39: exit
2022/04/17 05:00:25 [notice] 41#41: exit
2022/04/17 05:00:25 [notice] 1#1: signal 17 (SIGCHLD) received from 35
2022/04/17 05:00:25 [notice] 1#1: worker process 35 exited with code 0
2022/04/17 05:00:25 [notice] 1#1: worker process 33 exited with code 0
2022/04/17 05:00:25 [notice] 1#1: worker process 36 exited with code 0
2022/04/17 05:00:25 [notice] 1#1: worker process 37 exited with code 0
2022/04/17 05:00:25 [notice] 1#1: worker process 39 exited with code 0
2022/04/17 05:00:25 [notice] 1#1: signal 29 (SIGIO) received
2022/04/17 05:00:25 [notice] 1#1: signal 17 (SIGCHLD) received from 37
2022/04/17 05:00:25 [notice] 1#1: signal 17 (SIGCHLD) received from 42
2022/04/17 05:00:25 [notice] 1#1: worker process 42 exited with code 0
2022/04/17 05:00:25 [notice] 1#1: worker process 40 exited with code 0
2022/04/17 05:00:25 [notice] 1#1: signal 29 (SIGIO) received
2022/04/17 05:00:25 [notice] 1#1: signal 17 (SIGCHLD) received from 40
2022/04/17 05:00:25 [notice] 1#1: worker process 31 exited with code 0
2022/04/17 05:00:25 [notice] 1#1: worker process 34 exited with code 0
2022/04/17 05:00:25 [notice] 1#1: worker process 38 exited with code 0
2022/04/17 05:00:25 [notice] 1#1: worker process 41 exited with code 0
2022/04/17 05:00:25 [notice] 1#1: signal 29 (SIGIO) received
2022/04/17 05:00:25 [notice] 1#1: signal 17 (SIGCHLD) received from 31
2022/04/17 05:00:25 [notice] 1#1: signal 17 (SIGCHLD) received from 32
2022/04/17 05:00:25 [notice] 1#1: worker process 32 exited with code 0
2022/04/17 05:00:25 [notice] 1#1: exit
2022/05/14 05:49:01 [notice] 1#1: using the "epoll" event method
2022/05/14 05:49:01 [notice] 1#1: nginx/1.21.6
2022/05/14 05:49:01 [notice] 1#1: built by gcc 10.2.1 20210110 (Debian 10.2.1-6) 
2022/05/14 05:49:01 [notice] 1#1: OS: Linux 5.17.1-3-MANJARO
2022/05/14 05:49:01 [notice] 1#1: getrlimit(RLIMIT_NOFILE): 1048576:1048576
2022/05/14 05:49:01 [notice] 1#1: start worker processes
2022/05/14 05:49:01 [notice] 1#1: start worker process 31
2022/05/14 05:49:01 [notice] 1#1: start worker process 32
2022/05/14 05:49:01 [notice] 1#1: start worker process 33
2022/05/14 05:49:01 [notice] 1#1: start worker process 34
2022/05/14 05:49:01 [notice] 1#1: start worker process 35
2022/05/14 05:49:01 [notice] 1#1: start worker process 36
2022/05/14 05:49:01 [notice] 1#1: start worker process 37
2022/05/14 05:49:01 [notice] 1#1: start worker process 38
2022/05/14 05:49:01 [notice] 1#1: start worker process 39
2022/05/14 05:49:01 [notice] 1#1: start worker process 40
2022/05/14 05:49:01 [notice] 1#1: start worker process 41
2022/05/14 05:49:01 [notice] 1#1: start worker process 42
2022/05/19 13:23:51 [notice] 1#1: signal 3 (SIGQUIT) received, shutting down
2022/05/19 13:23:51 [notice] 31#31: gracefully shutting down
2022/05/19 13:23:51 [notice] 33#33: gracefully shutting down
2022/05/19 13:23:51 [notice] 35#35: gracefully shutting down
2022/05/19 13:23:51 [notice] 36#36: gracefully shutting down
2022/05/19 13:23:51 [notice] 32#32: gracefully shutting down
2022/05/19 13:23:51 [notice] 38#38: gracefully shutting down
2022/05/19 13:23:51 [notice] 34#34: gracefully shutting down
2022/05/19 13:23:51 [notice] 39#39: gracefully shutting down
2022/05/19 13:23:51 [notice] 42#42: gracefully shutting down
2022/05/19 13:23:51 [notice] 31#31: exiting
2022/05/19 13:23:51 [notice] 40#40: gracefully shutting down
2022/05/19 13:23:51 [notice] 37#37: gracefully shutting down
2022/05/19 13:23:51 [notice] 33#33: exiting
2022/05/19 13:23:51 [notice] 35#35: exiting
2022/05/19 13:23:51 [notice] 36#36: exiting
2022/05/19 13:23:51 [notice] 32#32: exiting
2022/05/19 13:23:51 [notice] 38#38: exiting
2022/05/19 13:23:51 [notice] 34#34: exiting
2022/05/19 13:23:51 [notice] 42#42: exiting
2022/05/19 13:23:51 [notice] 39#39: exiting
2022/05/19 13:23:51 [notice] 37#37: exiting
2022/05/19 13:23:51 [notice] 31#31: exit
2022/05/19 13:23:51 [notice] 40#40: exiting
2022/05/19 13:23:51 [notice] 35#35: exit
2022/05/19 13:23:51 [notice] 33#33: exit
2022/05/19 13:23:51 [notice] 36#36: exit
2022/05/19 13:23:51 [notice] 32#32: exit
2022/05/19 13:23:51 [notice] 38#38: exit
2022/05/19 13:23:51 [notice] 42#42: exit
2022/05/19 13:23:51 [notice] 34#34: exit
2022/05/19 13:23:51 [notice] 39#39: exit
2022/05/19 13:23:51 [notice] 37#37: exit
2022/05/19 13:23:51 [notice] 40#40: exit
2022/05/19 13:23:51 [notice] 41#41: gracefully shutting down
2022/05/19 13:23:51 [notice] 41#41: exiting
2022/05/19 13:23:51 [notice] 41#41: exit
2022/05/19 13:23:51 [notice] 1#1: signal 17 (SIGCHLD) received from 36
2022/05/19 13:23:51 [notice] 1#1: worker process 36 exited with code 0
2022/05/19 13:23:51 [notice] 1#1: signal 29 (SIGIO) received
2022/05/19 13:23:51 [notice] 1#1: signal 17 (SIGCHLD) received from 38
2022/05/19 13:23:51 [notice] 1#1: worker process 38 exited with code 0
2022/05/19 13:23:51 [notice] 1#1: signal 29 (SIGIO) received
2022/05/19 13:23:51 [notice] 1#1: signal 17 (SIGCHLD) received from 31
2022/05/19 13:23:51 [notice] 1#1: worker process 31 exited with code 0
2022/05/19 13:23:51 [notice] 1#1: signal 29 (SIGIO) received
2022/05/19 13:23:51 [notice] 1#1: signal 17 (SIGCHLD) received from 34
2022/05/19 13:23:51 [notice] 1#1: worker process 34 exited with code 0
2022/05/19 13:23:51 [notice] 1#1: signal 29 (SIGIO) received
2022/05/19 13:23:51 [notice] 1#1: signal 17 (SIGCHLD) received from 42
2022/05/19 13:23:51 [notice] 1#1: worker process 42 exited with code 0
2022/05/19 13:23:51 [notice] 1#1: signal 29 (SIGIO) received
2022/05/19 13:23:51 [notice] 1#1: signal 17 (SIGCHLD) received from 40
2022/05/19 13:23:51 [notice] 1#1: worker process 33 exited with code 0
2022/05/19 13:23:51 [notice] 1#1: worker process 40 exited with code 0
2022/05/19 13:23:51 [notice] 1#1: signal 29 (SIGIO) received
2022/05/19 13:23:51 [notice] 1#1: signal 17 (SIGCHLD) received from 39
2022/05/19 13:23:51 [notice] 1#1: worker process 39 exited with code 0
2022/05/19 13:23:51 [notice] 1#1: signal 29 (SIGIO) received
2022/05/19 13:23:51 [notice] 1#1: signal 17 (SIGCHLD) received from 37
2022/05/19 13:23:51 [notice] 1#1: worker process 37 exited with code 0
2022/05/19 13:23:51 [notice] 1#1: signal 29 (SIGIO) received
2022/05/19 13:23:51 [notice] 1#1: signal 17 (SIGCHLD) received from 35
2022/05/19 13:23:51 [notice] 1#1: worker process 35 exited with code 0
2022/05/19 13:23:51 [notice] 1#1: signal 29 (SIGIO) received
2022/05/19 13:23:51 [notice] 1#1: signal 17 (SIGCHLD) received from 32
2022/05/19 13:23:51 [notice] 1#1: worker process 32 exited with code 0
2022/05/19 13:23:51 [notice] 1#1: signal 29 (SIGIO) received
2022/05/19 13:23:51 [notice] 1#1: signal 17 (SIGCHLD) received from 41
2022/05/19 13:23:51 [notice] 1#1: worker process 41 exited with code 0
2022/05/19 13:23:51 [notice] 1#1: exit
